{"service":"bigdata-api","host":"tangjuhong.local","ts":"2019-12-11 09:54:51 428","lvl":"INFO ","thread":"AsyncResolver-bootstrap-executor-0","class":"c.n.d.s.r.a.ConfigClusterResolver:43","requestId":"","msg":"Resolving eureka endpoints via configuration"}
{"service":"bigdata-api","host":"tangjuhong.local","ts":"2019-12-11 09:59:51 555","lvl":"INFO ","thread":"AsyncResolver-bootstrap-executor-0","class":"c.n.d.s.r.a.ConfigClusterResolver:43","requestId":"","msg":"Resolving eureka endpoints via configuration"}
{"service":"bigdata-api","host":"tangjuhong.local","ts":"2019-12-11 10:04:34 351","lvl":"INFO ","thread":"AsyncResolver-bootstrap-executor-0","class":"c.n.d.s.r.a.ConfigClusterResolver:43","requestId":"","msg":"Resolving eureka endpoints via configuration"}
{"service":"bigdata-api","host":"tangjuhong.local","ts":"2019-12-11 10:09:34 366","lvl":"INFO ","thread":"AsyncResolver-bootstrap-executor-0","class":"c.n.d.s.r.a.ConfigClusterResolver:43","requestId":"","msg":"Resolving eureka endpoints via configuration"}
{"service":"bigdata-api","host":"tangjuhong.local","ts":"2019-12-11 10:14:34 378","lvl":"INFO ","thread":"AsyncResolver-bootstrap-executor-0","class":"c.n.d.s.r.a.ConfigClusterResolver:43","requestId":"","msg":"Resolving eureka endpoints via configuration"}
{"service":"bigdata-api","host":"tangjuhong.local","ts":"2019-12-11 10:19:34 410","lvl":"INFO ","thread":"AsyncResolver-bootstrap-executor-0","class":"c.n.d.s.r.a.ConfigClusterResolver:43","requestId":"","msg":"Resolving eureka endpoints via configuration"}
{"service":"bigdata-api","host":"tangjuhong.local","ts":"2019-12-11 10:24:34 427","lvl":"INFO ","thread":"AsyncResolver-bootstrap-executor-0","class":"c.n.d.s.r.a.ConfigClusterResolver:43","requestId":"","msg":"Resolving eureka endpoints via configuration"}
{"service":"bigdata-api","host":"tangjuhong.local","ts":"2019-12-11 10:29:34 447","lvl":"INFO ","thread":"AsyncResolver-bootstrap-executor-0","class":"c.n.d.s.r.a.ConfigClusterResolver:43","requestId":"","msg":"Resolving eureka endpoints via configuration"}
{"service":"bigdata-api","host":"tangjuhong.local","ts":"2019-12-11 10:34:34 477","lvl":"INFO ","thread":"AsyncResolver-bootstrap-executor-0","class":"c.n.d.s.r.a.ConfigClusterResolver:43","requestId":"","msg":"Resolving eureka endpoints via configuration"}
{"service":"bigdata-api","host":"tangjuhong.local","ts":"2019-12-11 10:39:34 497","lvl":"INFO ","thread":"AsyncResolver-bootstrap-executor-0","class":"c.n.d.s.r.a.ConfigClusterResolver:43","requestId":"","msg":"Resolving eureka endpoints via configuration"}
{"service":"bigdata-api","host":"tangjuhong.local","ts":"2019-12-11 10:44:34 514","lvl":"INFO ","thread":"AsyncResolver-bootstrap-executor-0","class":"c.n.d.s.r.a.ConfigClusterResolver:43","requestId":"","msg":"Resolving eureka endpoints via configuration"}
{"service":"bigdata-api","host":"tangjuhong.local","ts":"2019-12-11 10:49:34 543","lvl":"INFO ","thread":"AsyncResolver-bootstrap-executor-0","class":"c.n.d.s.r.a.ConfigClusterResolver:43","requestId":"","msg":"Resolving eureka endpoints via configuration"}
{"service":"bigdata-api","host":"tangjuhong.local","ts":"2019-12-11 10:54:34 560","lvl":"INFO ","thread":"AsyncResolver-bootstrap-executor-0","class":"c.n.d.s.r.a.ConfigClusterResolver:43","requestId":"","msg":"Resolving eureka endpoints via configuration"}
{"service":"bigdata-api","host":"tangjuhong.local","ts":"2019-12-11 10:59:34 577","lvl":"INFO ","thread":"AsyncResolver-bootstrap-executor-0","class":"c.n.d.s.r.a.ConfigClusterResolver:43","requestId":"","msg":"Resolving eureka endpoints via configuration"}
{"service":"bigdata-api","host":"tangjuhong.local","ts":"2019-12-11 11:04:34 613","lvl":"INFO ","thread":"AsyncResolver-bootstrap-executor-0","class":"c.n.d.s.r.a.ConfigClusterResolver:43","requestId":"","msg":"Resolving eureka endpoints via configuration"}
{"service":"bigdata-api","host":"tangjuhong.local","ts":"2019-12-11 11:09:34 631","lvl":"INFO ","thread":"AsyncResolver-bootstrap-executor-0","class":"c.n.d.s.r.a.ConfigClusterResolver:43","requestId":"","msg":"Resolving eureka endpoints via configuration"}
{"service":"bigdata-api","host":"tangjuhong.local","ts":"2019-12-11 11:14:34 648","lvl":"INFO ","thread":"AsyncResolver-bootstrap-executor-0","class":"c.n.d.s.r.a.ConfigClusterResolver:43","requestId":"","msg":"Resolving eureka endpoints via configuration"}
{"service":"bigdata-api","host":"tangjuhong.local","ts":"2019-12-11 11:19:34 680","lvl":"INFO ","thread":"AsyncResolver-bootstrap-executor-0","class":"c.n.d.s.r.a.ConfigClusterResolver:43","requestId":"","msg":"Resolving eureka endpoints via configuration"}
{"service":"bigdata-api","host":"tangjuhong.local","ts":"2019-12-11 11:24:34 697","lvl":"INFO ","thread":"AsyncResolver-bootstrap-executor-0","class":"c.n.d.s.r.a.ConfigClusterResolver:43","requestId":"","msg":"Resolving eureka endpoints via configuration"}
{"service":"bigdata-api","host":"tangjuhong.local","ts":"2019-12-11 11:29:34 721","lvl":"INFO ","thread":"AsyncResolver-bootstrap-executor-0","class":"c.n.d.s.r.a.ConfigClusterResolver:43","requestId":"","msg":"Resolving eureka endpoints via configuration"}
{"service":"bigdata-api","host":"tangjuhong.local","ts":"2019-12-11 11:34:34 751","lvl":"INFO ","thread":"AsyncResolver-bootstrap-executor-0","class":"c.n.d.s.r.a.ConfigClusterResolver:43","requestId":"","msg":"Resolving eureka endpoints via configuration"}
{"service":"bigdata-api","host":"tangjuhong.local","ts":"2019-12-11 11:39:34 761","lvl":"INFO ","thread":"AsyncResolver-bootstrap-executor-0","class":"c.n.d.s.r.a.ConfigClusterResolver:43","requestId":"","msg":"Resolving eureka endpoints via configuration"}
{"service":"bigdata-api","host":"tangjuhong.local","ts":"2019-12-11 11:44:34 776","lvl":"INFO ","thread":"AsyncResolver-bootstrap-executor-0","class":"c.n.d.s.r.a.ConfigClusterResolver:43","requestId":"","msg":"Resolving eureka endpoints via configuration"}
{"service":"bigdata-api","host":"tangjuhong.local","ts":"2019-12-11 11:49:34 798","lvl":"INFO ","thread":"AsyncResolver-bootstrap-executor-0","class":"c.n.d.s.r.a.ConfigClusterResolver:43","requestId":"","msg":"Resolving eureka endpoints via configuration"}
{"service":"bigdata-api","host":"tangjuhong.local","ts":"2019-12-11 11:54:34 814","lvl":"INFO ","thread":"AsyncResolver-bootstrap-executor-0","class":"c.n.d.s.r.a.ConfigClusterResolver:43","requestId":"","msg":"Resolving eureka endpoints via configuration"}
{"service":"bigdata-api","host":"tangjuhong.local","ts":"2019-12-11 11:59:34 837","lvl":"INFO ","thread":"AsyncResolver-bootstrap-executor-0","class":"c.n.d.s.r.a.ConfigClusterResolver:43","requestId":"","msg":"Resolving eureka endpoints via configuration"}
{"service":"bigdata-api","host":"tangjuhong.local","ts":"2019-12-11 12:04:34 853","lvl":"INFO ","thread":"AsyncResolver-bootstrap-executor-0","class":"c.n.d.s.r.a.ConfigClusterResolver:43","requestId":"","msg":"Resolving eureka endpoints via configuration"}
{"service":"bigdata-api","host":"tangjuhong.local","ts":"2019-12-11 12:09:34 876","lvl":"INFO ","thread":"AsyncResolver-bootstrap-executor-0","class":"c.n.d.s.r.a.ConfigClusterResolver:43","requestId":"","msg":"Resolving eureka endpoints via configuration"}
{"service":"bigdata-api","host":"tangjuhong.local","ts":"2019-12-11 12:14:34 898","lvl":"INFO ","thread":"AsyncResolver-bootstrap-executor-0","class":"c.n.d.s.r.a.ConfigClusterResolver:43","requestId":"","msg":"Resolving eureka endpoints via configuration"}
{"service":"bigdata-api","host":"tangjuhong.local","ts":"2019-12-11 12:19:34 913","lvl":"INFO ","thread":"AsyncResolver-bootstrap-executor-0","class":"c.n.d.s.r.a.ConfigClusterResolver:43","requestId":"","msg":"Resolving eureka endpoints via configuration"}
{"service":"bigdata-api","host":"tangjuhong.local","ts":"2019-12-11 12:24:34 934","lvl":"INFO ","thread":"AsyncResolver-bootstrap-executor-0","class":"c.n.d.s.r.a.ConfigClusterResolver:43","requestId":"","msg":"Resolving eureka endpoints via configuration"}
{"service":"bigdata-api","host":"tangjuhong.local","ts":"2019-12-11 12:29:34 955","lvl":"INFO ","thread":"AsyncResolver-bootstrap-executor-0","class":"c.n.d.s.r.a.ConfigClusterResolver:43","requestId":"","msg":"Resolving eureka endpoints via configuration"}
{"service":"bigdata-api","host":"tangjuhong.local","ts":"2019-12-11 12:34:34 974","lvl":"INFO ","thread":"AsyncResolver-bootstrap-executor-0","class":"c.n.d.s.r.a.ConfigClusterResolver:43","requestId":"","msg":"Resolving eureka endpoints via configuration"}
{"service":"bigdata-api","host":"tangjuhong.local","ts":"2019-12-11 12:39:34 992","lvl":"INFO ","thread":"AsyncResolver-bootstrap-executor-0","class":"c.n.d.s.r.a.ConfigClusterResolver:43","requestId":"","msg":"Resolving eureka endpoints via configuration"}
{"service":"bigdata-api","host":"tangjuhong.local","ts":"2019-12-11 12:44:35 020","lvl":"INFO ","thread":"AsyncResolver-bootstrap-executor-0","class":"c.n.d.s.r.a.ConfigClusterResolver:43","requestId":"","msg":"Resolving eureka endpoints via configuration"}
{"service":"bigdata-api","host":"tangjuhong.local","ts":"2019-12-11 12:49:35 051","lvl":"INFO ","thread":"AsyncResolver-bootstrap-executor-0","class":"c.n.d.s.r.a.ConfigClusterResolver:43","requestId":"","msg":"Resolving eureka endpoints via configuration"}
{"service":"bigdata-api","host":"tangjuhong.local","ts":"2019-12-11 12:54:35 083","lvl":"INFO ","thread":"AsyncResolver-bootstrap-executor-0","class":"c.n.d.s.r.a.ConfigClusterResolver:43","requestId":"","msg":"Resolving eureka endpoints via configuration"}
{"service":"bigdata-api","host":"tangjuhong.local","ts":"2019-12-11 12:59:35 101","lvl":"INFO ","thread":"AsyncResolver-bootstrap-executor-0","class":"c.n.d.s.r.a.ConfigClusterResolver:43","requestId":"","msg":"Resolving eureka endpoints via configuration"}
{"service":"bigdata-api","host":"tangjuhong.local","ts":"2019-12-11 13:04:35 127","lvl":"INFO ","thread":"AsyncResolver-bootstrap-executor-0","class":"c.n.d.s.r.a.ConfigClusterResolver:43","requestId":"","msg":"Resolving eureka endpoints via configuration"}
{"service":"bigdata-api","host":"tangjuhong.local","ts":"2019-12-11 13:08:07 844","lvl":"INFO ","thread":"Thread-10","class":"o.s.c.s.AbstractApplicationContext:993","requestId":"","msg":"Closing org.springframework.boot.web.servlet.context.AnnotationConfigServletWebServerApplicationContext@7d0587f1: startup date [Thu Dec 05 16:07:44 CST 2019]; parent: org.springframework.context.annotation.AnnotationConfigApplicationContext@7c30a502"}
{"service":"bigdata-api","host":"tangjuhong.local","ts":"2019-12-11 13:08:08 551","lvl":"INFO ","thread":"Thread-10","class":"o.s.c.n.e.s.EurekaServiceRegistry:65","requestId":"","msg":"Unregistering application CONFIG-SERVER with eureka with status DOWN"}
{"service":"bigdata-api","host":"tangjuhong.local","ts":"2019-12-11 13:08:08 593","lvl":"WARN ","thread":"Thread-10","class":"c.n.d.DiscoveryClient$3:1297","requestId":"","msg":"Saw local status change event StatusChangeEvent [timestamp=1576040888586, current=DOWN, previous=UP]"}
{"service":"bigdata-api","host":"tangjuhong.local","ts":"2019-12-11 13:08:08 650","lvl":"INFO ","thread":"Thread-10","class":"o.s.c.s.AbstractApplicationContext:993","requestId":"","msg":"Closing org.springframework.context.annotation.AnnotationConfigApplicationContext@26a4842b: startup date [Thu Dec 05 16:08:06 CST 2019]; parent: org.springframework.boot.web.servlet.context.AnnotationConfigServletWebServerApplicationContext@7d0587f1"}
{"service":"bigdata-api","host":"tangjuhong.local","ts":"2019-12-11 13:08:08 645","lvl":"INFO ","thread":"DiscoveryClient-InstanceInfoReplicator-0","class":"c.n.d.DiscoveryClient:826","requestId":"","msg":"DiscoveryClient_CONFIG-SERVER/172.16.37.77:config-server:7004: registering service..."}
{"service":"bigdata-api","host":"tangjuhong.local","ts":"2019-12-11 13:08:08 903","lvl":"INFO ","thread":"DiscoveryClient-InstanceInfoReplicator-0","class":"c.n.d.DiscoveryClient:835","requestId":"","msg":"DiscoveryClient_CONFIG-SERVER/172.16.37.77:config-server:7004 - registration status: 204"}
{"service":"bigdata-api","host":"tangjuhong.local","ts":"2019-12-11 13:08:09 769","lvl":"INFO ","thread":"Thread-10","class":"o.s.c.s.DefaultLifecycleProcessor$LifecycleGroup:369","requestId":"","msg":"Stopping beans in phase 2147483647"}
{"service":"bigdata-api","host":"tangjuhong.local","ts":"2019-12-11 13:08:09 788","lvl":"INFO ","thread":"Thread-10","class":"o.s.c.s.DefaultLifecycleProcessor$LifecycleGroup:369","requestId":"","msg":"Stopping beans in phase 2147482647"}
{"service":"bigdata-api","host":"tangjuhong.local","ts":"2019-12-11 13:08:10 265","lvl":"INFO ","thread":"Thread-10","class":"o.s.a.r.l.SimpleMessageListenerContainer:534","requestId":"","msg":"Waiting for workers to finish."}
{"service":"bigdata-api","host":"tangjuhong.local","ts":"2019-12-11 13:08:10 812","lvl":"INFO ","thread":"Thread-10","class":"o.s.a.r.l.SimpleMessageListenerContainer:537","requestId":"","msg":"Successfully waited for workers to finish."}
{"service":"bigdata-api","host":"tangjuhong.local","ts":"2019-12-11 13:08:10 813","lvl":"INFO ","thread":"Thread-10","class":"o.s.i.e.AbstractEndpoint:182","requestId":"","msg":"stopped inbound.springCloudBus.anonymous.7ZGU2NqURdKcPTllLLmjrQ"}
{"service":"bigdata-api","host":"tangjuhong.local","ts":"2019-12-11 13:08:10 889","lvl":"INFO ","thread":"Thread-10","class":"o.s.i.c.AbstractSubscribableChannel:64","requestId":"","msg":"Channel 'application-1.springCloudBus.anonymous.7ZGU2NqURdKcPTllLLmjrQ.errors' has 1 subscriber(s)."}
{"service":"bigdata-api","host":"tangjuhong.local","ts":"2019-12-11 13:08:10 901","lvl":"INFO ","thread":"Thread-10","class":"o.s.i.c.AbstractSubscribableChannel:64","requestId":"","msg":"Channel 'application-1.springCloudBus.anonymous.7ZGU2NqURdKcPTllLLmjrQ.errors' has 0 subscriber(s)."}
{"service":"bigdata-api","host":"tangjuhong.local","ts":"2019-12-11 13:08:10 903","lvl":"INFO ","thread":"Thread-10","class":"o.s.c.s.DefaultLifecycleProcessor$LifecycleGroup:369","requestId":"","msg":"Stopping beans in phase 0"}
{"service":"bigdata-api","host":"tangjuhong.local","ts":"2019-12-11 13:08:11 019","lvl":"INFO ","thread":"Thread-10","class":"o.s.i.e.EventDrivenConsumer:107","requestId":"","msg":"Removing {logging-channel-adapter:_org.springframework.integration.errorLogger} as a subscriber to the 'errorChannel' channel"}
{"service":"bigdata-api","host":"tangjuhong.local","ts":"2019-12-11 13:08:11 021","lvl":"INFO ","thread":"Thread-10","class":"o.s.i.c.AbstractSubscribableChannel:64","requestId":"","msg":"Channel 'application-1.errorChannel' has 0 subscriber(s)."}
{"service":"bigdata-api","host":"tangjuhong.local","ts":"2019-12-11 13:08:11 023","lvl":"INFO ","thread":"Thread-10","class":"o.s.i.e.AbstractEndpoint:199","requestId":"","msg":"stopped _org.springframework.integration.errorLogger"}
{"service":"bigdata-api","host":"tangjuhong.local","ts":"2019-12-11 13:08:11 024","lvl":"INFO ","thread":"Thread-10","class":"o.s.c.s.DefaultLifecycleProcessor$LifecycleGroup:369","requestId":"","msg":"Stopping beans in phase -2147482648"}
{"service":"bigdata-api","host":"tangjuhong.local","ts":"2019-12-11 13:08:11 142","lvl":"INFO ","thread":"Thread-10","class":"o.s.j.e.MBeanExporter:451","requestId":"","msg":"Unregistering JMX-exposed beans on shutdown"}
{"service":"bigdata-api","host":"tangjuhong.local","ts":"2019-12-11 13:08:11 160","lvl":"INFO ","thread":"Thread-10","class":"o.s.j.s.MBeanRegistrationSupport:185","requestId":"","msg":"Unregistering JMX-exposed beans"}
{"service":"bigdata-api","host":"tangjuhong.local","ts":"2019-12-11 13:08:11 179","lvl":"INFO ","thread":"Thread-10","class":"o.s.i.m.IntegrationMBeanExporter:367","requestId":"","msg":"Summary on shutdown: nullChannel"}
{"service":"bigdata-api","host":"tangjuhong.local","ts":"2019-12-11 13:08:11 180","lvl":"INFO ","thread":"Thread-10","class":"o.s.i.m.IntegrationMBeanExporter:367","requestId":"","msg":"Summary on shutdown: errorChannel"}
{"service":"bigdata-api","host":"tangjuhong.local","ts":"2019-12-11 13:08:11 180","lvl":"INFO ","thread":"Thread-10","class":"o.s.i.m.IntegrationMBeanExporter:367","requestId":"","msg":"Summary on shutdown: springCloudBusInput"}
{"service":"bigdata-api","host":"tangjuhong.local","ts":"2019-12-11 13:08:11 182","lvl":"INFO ","thread":"Thread-10","class":"o.s.i.m.IntegrationMBeanExporter:367","requestId":"","msg":"Summary on shutdown: springCloudBusOutput"}
{"service":"bigdata-api","host":"tangjuhong.local","ts":"2019-12-11 13:08:11 188","lvl":"INFO ","thread":"Thread-10","class":"o.s.i.m.IntegrationMBeanExporter:370","requestId":"","msg":"Summary on shutdown: _org.springframework.integration.errorLogger.handler"}
{"service":"bigdata-api","host":"tangjuhong.local","ts":"2019-12-11 13:08:11 205","lvl":"INFO ","thread":"Thread-10","class":"o.s.j.e.MBeanExporter:451","requestId":"","msg":"Unregistering JMX-exposed beans on shutdown"}
{"service":"bigdata-api","host":"tangjuhong.local","ts":"2019-12-11 13:08:11 208","lvl":"INFO ","thread":"Thread-10","class":"o.s.j.s.MBeanRegistrationSupport:185","requestId":"","msg":"Unregistering JMX-exposed beans"}
{"service":"bigdata-api","host":"tangjuhong.local","ts":"2019-12-11 13:08:11 296","lvl":"INFO ","thread":"Thread-10","class":"o.s.s.c.ExecutorConfigurationSupport:208","requestId":"","msg":"Shutting down ExecutorService 'taskScheduler'"}
{"service":"bigdata-api","host":"tangjuhong.local","ts":"2019-12-11 13:08:13 542","lvl":"INFO ","thread":"Thread-10","class":"c.n.d.DiscoveryClient:888","requestId":"","msg":"Shutting down DiscoveryClient ..."}
{"service":"bigdata-api","host":"tangjuhong.local","ts":"2019-12-11 13:08:13 570","lvl":"WARN ","thread":"Thread-10","class":"o.s.b.f.a.InitDestroyAnnotationBeanPostProcessor:164","requestId":"","msg":"Invocation of destroy method failed on bean with name 'scopedTarget.eurekaClient': org.springframework.beans.factory.BeanCreationNotAllowedException: Error creating bean with name 'eurekaInstanceConfigBean': Singleton bean creation not allowed while singletons of this factory are in destruction (Do not request a bean from a BeanFactory in a destroy method implementation!)"}
